<?xml version="1.0" encoding="UTF-8"?>
<testng-results ignored="0" total="1" passed="1" failed="0" skipped="0">
  <reporter-output>
    <line>
      <![CDATA[Create Customer from Maven Project]]>
    </line>
  </reporter-output>
  <suite started-at="2023-08-03T11:08:07 IST" name="Default suite" finished-at="2023-08-03T11:08:07 IST" duration-ms="97">
    <groups>
    </groups>
    <test started-at="2023-08-03T11:08:07 IST" name="Default test" finished-at="2023-08-03T11:08:07 IST" duration-ms="97">
      <class name="com.actitime.testscript.CustomerModule">
        <test-method signature="testCreateCustomer()[pri:0, instance:com.actitime.testscript.CustomerModule@57a3af25]" started-at="2023-08-03T11:08:07 IST" name="testCreateCustomer" finished-at="2023-08-03T11:08:07 IST" duration-ms="20" status="PASS">
          <reporter-output>
            <line>
              <![CDATA[Create Customer from Maven Project]]>
            </line>
          </reporter-output>
        </test-method> <!-- testCreateCustomer -->
      </class> <!-- com.actitime.testscript.CustomerModule -->
    </test> <!-- Default test -->
  </suite> <!-- Default suite -->
</testng-results>
